<?xml version='1.0' encoding='UTF-8'?>
<testsuite hostname="eva01" name="viw.CommandsTest" tests="23" errors="0" failures="23" skipped="0" time="0.045">
                     <properties>
[...]
</properties>
                     <testcase classname="viw.CommandsTest" name="Moving left and right moves the cursor (example for multiple commands)" time="0.005">
                                                 <failure message="an implementation is missing" type="org.scalajs.testcommon.Serializer$ThrowableSerializer$$anon$1">scala.NotImplementedError: an implementation is missing
	at scala.NotImplementedError.fillInStackTrace(/home/bob/Dropbox/CPL/Scala/2018/project/project-template/target/scala-2.12/viw-test-fastopt.js:23166)
	at scala.NotImplementedError.&lt;init&gt;(/home/bob/Dropbox/CPL/Scala/2018/project/project-template/target/scala-2.12/viw-test-fastopt.js:23284)
	at scala.NotImplementedError.&lt;init&gt;(/home/bob/Dropbox/CPL/Scala/2018/project/project-template/target/scala-2.12/viw-test-fastopt.js:33815)
	at scala.Predef$.$$qmark$qmark$qmark(/home/bob/Dropbox/CPL/Scala/2018/project/project-template/target/scala-2.12/viw-test-fastopt.js:29516)
	at viw.ViwTest.viwTest(/home/bob/Dropbox/CPL/Scala/2018/project/project-template/target/scala-2.12/viw-test-fastopt.js:28179)
	at viw.ViwTest.viwMode(/home/bob/Dropbox/CPL/Scala/2018/project/project-template/target/scala-2.12/viw-test-fastopt.js:28205)
	at &lt;jscode&gt;.{anonymous}()(/home/bob/Dropbox/CPL/Scala/2018/project/project-template/target/scala-2.12/viw-test-fastopt.js:59148)
	at scala.scalajs.runtime.AnonFunction0.apply(/home/bob/Dropbox/CPL/Scala/2018/project/project-template/target/scala-2.12/viw-test-fastopt.js:30420)
	at org.scalatest.OutcomeOf.outcomeOf(/home/bob/Dropbox/CPL/Scala/2018/project/project-template/target/scala-2.12/viw-test-fastopt.js:1292)
	at org.scalatest.Transformer.apply(/home/bob/Dropbox/CPL/Scala/2018/project/project-template/target/scala-2.12/viw-test-fastopt.js:40357)
</failure>
                                               </testcase><testcase classname="viw.CommandsTest" name="Moving left moves the cursor" time="0.002">
                                                 <failure message="an implementation is missing" type="org.scalajs.testcommon.Serializer$ThrowableSerializer$$anon$1">scala.NotImplementedError: an implementation is missing
	at scala.NotImplementedError.fillInStackTrace(/home/bob/Dropbox/CPL/Scala/2018/project/project-template/target/scala-2.12/viw-test-fastopt.js:23166)
	at scala.NotImplementedError.&lt;init&gt;(/home/bob/Dropbox/CPL/Scala/2018/project/project-template/target/scala-2.12/viw-test-fastopt.js:23284)
	at scala.NotImplementedError.&lt;init&gt;(/home/bob/Dropbox/CPL/Scala/2018/project/project-template/target/scala-2.12/viw-test-fastopt.js:33815)
	at scala.Predef$.$$qmark$qmark$qmark(/home/bob/Dropbox/CPL/Scala/2018/project/project-template/target/scala-2.12/viw-test-fastopt.js:29516)
	at viw.ViwTest.viwTest(/home/bob/Dropbox/CPL/Scala/2018/project/project-template/target/scala-2.12/viw-test-fastopt.js:28179)
	at viw.ViwTest.viwMode(/home/bob/Dropbox/CPL/Scala/2018/project/project-template/target/scala-2.12/viw-test-fastopt.js:28205)
	at &lt;jscode&gt;.{anonymous}()(/home/bob/Dropbox/CPL/Scala/2018/project/project-template/target/scala-2.12/viw-test-fastopt.js:59160)
	at scala.scalajs.runtime.AnonFunction0.apply(/home/bob/Dropbox/CPL/Scala/2018/project/project-template/target/scala-2.12/viw-test-fastopt.js:30420)
	at org.scalatest.OutcomeOf.outcomeOf(/home/bob/Dropbox/CPL/Scala/2018/project/project-template/target/scala-2.12/viw-test-fastopt.js:1292)
	at org.scalatest.Transformer.apply(/home/bob/Dropbox/CPL/Scala/2018/project/project-template/target/scala-2.12/viw-test-fastopt.js:40357)
</failure>
                                               </testcase><testcase classname="viw.CommandsTest" name="Moving up moves the cursor" time="0.005">
                                                 <failure message="an implementation is missing" type="org.scalajs.testcommon.Serializer$ThrowableSerializer$$anon$1">scala.NotImplementedError: an implementation is missing
	at scala.NotImplementedError.fillInStackTrace(/home/bob/Dropbox/CPL/Scala/2018/project/project-template/target/scala-2.12/viw-test-fastopt.js:23166)
	at scala.NotImplementedError.&lt;init&gt;(/home/bob/Dropbox/CPL/Scala/2018/project/project-template/target/scala-2.12/viw-test-fastopt.js:23284)
	at scala.NotImplementedError.&lt;init&gt;(/home/bob/Dropbox/CPL/Scala/2018/project/project-template/target/scala-2.12/viw-test-fastopt.js:33815)
	at scala.Predef$.$$qmark$qmark$qmark(/home/bob/Dropbox/CPL/Scala/2018/project/project-template/target/scala-2.12/viw-test-fastopt.js:29516)
	at viw.ViwTest.viwTest(/home/bob/Dropbox/CPL/Scala/2018/project/project-template/target/scala-2.12/viw-test-fastopt.js:28179)
	at viw.ViwTest.viwMode(/home/bob/Dropbox/CPL/Scala/2018/project/project-template/target/scala-2.12/viw-test-fastopt.js:28205)
	at &lt;jscode&gt;.{anonymous}()(/home/bob/Dropbox/CPL/Scala/2018/project/project-template/target/scala-2.12/viw-test-fastopt.js:59173)
	at scala.scalajs.runtime.AnonFunction0.apply(/home/bob/Dropbox/CPL/Scala/2018/project/project-template/target/scala-2.12/viw-test-fastopt.js:30420)
	at org.scalatest.OutcomeOf.outcomeOf(/home/bob/Dropbox/CPL/Scala/2018/project/project-template/target/scala-2.12/viw-test-fastopt.js:1292)
	at org.scalatest.Transformer.apply(/home/bob/Dropbox/CPL/Scala/2018/project/project-template/target/scala-2.12/viw-test-fastopt.js:40357)
</failure>
                                               </testcase><testcase classname="viw.CommandsTest" name="Moving down moves the cursor" time="0.004">
                                                 <failure message="an implementation is missing" type="org.scalajs.testcommon.Serializer$ThrowableSerializer$$anon$1">scala.NotImplementedError: an implementation is missing
	at scala.NotImplementedError.fillInStackTrace(/home/bob/Dropbox/CPL/Scala/2018/project/project-template/target/scala-2.12/viw-test-fastopt.js:23166)
	at scala.NotImplementedError.&lt;init&gt;(/home/bob/Dropbox/CPL/Scala/2018/project/project-template/target/scala-2.12/viw-test-fastopt.js:23284)
	at scala.NotImplementedError.&lt;init&gt;(/home/bob/Dropbox/CPL/Scala/2018/project/project-template/target/scala-2.12/viw-test-fastopt.js:33815)
	at scala.Predef$.$$qmark$qmark$qmark(/home/bob/Dropbox/CPL/Scala/2018/project/project-template/target/scala-2.12/viw-test-fastopt.js:29516)
	at viw.ViwTest.viwTest(/home/bob/Dropbox/CPL/Scala/2018/project/project-template/target/scala-2.12/viw-test-fastopt.js:28179)
	at viw.ViwTest.viwMode(/home/bob/Dropbox/CPL/Scala/2018/project/project-template/target/scala-2.12/viw-test-fastopt.js:28205)
	at &lt;jscode&gt;.{anonymous}()(/home/bob/Dropbox/CPL/Scala/2018/project/project-template/target/scala-2.12/viw-test-fastopt.js:59185)
	at scala.scalajs.runtime.AnonFunction0.apply(/home/bob/Dropbox/CPL/Scala/2018/project/project-template/target/scala-2.12/viw-test-fastopt.js:30420)
	at org.scalatest.OutcomeOf.outcomeOf(/home/bob/Dropbox/CPL/Scala/2018/project/project-template/target/scala-2.12/viw-test-fastopt.js:1292)
	at org.scalatest.Transformer.apply(/home/bob/Dropbox/CPL/Scala/2018/project/project-template/target/scala-2.12/viw-test-fastopt.js:40357)
</failure>
                                               </testcase><testcase classname="viw.CommandsTest" name="Moving right moves the cursor" time="0.002">
                                                 <failure message="an implementation is missing" type="org.scalajs.testcommon.Serializer$ThrowableSerializer$$anon$1">scala.NotImplementedError: an implementation is missing
	at scala.NotImplementedError.fillInStackTrace(/home/bob/Dropbox/CPL/Scala/2018/project/project-template/target/scala-2.12/viw-test-fastopt.js:23166)
	at scala.NotImplementedError.&lt;init&gt;(/home/bob/Dropbox/CPL/Scala/2018/project/project-template/target/scala-2.12/viw-test-fastopt.js:23284)
	at scala.NotImplementedError.&lt;init&gt;(/home/bob/Dropbox/CPL/Scala/2018/project/project-template/target/scala-2.12/viw-test-fastopt.js:33815)
	at scala.Predef$.$$qmark$qmark$qmark(/home/bob/Dropbox/CPL/Scala/2018/project/project-template/target/scala-2.12/viw-test-fastopt.js:29516)
	at viw.ViwTest.viwTest(/home/bob/Dropbox/CPL/Scala/2018/project/project-template/target/scala-2.12/viw-test-fastopt.js:28179)
	at viw.ViwTest.viwMode(/home/bob/Dropbox/CPL/Scala/2018/project/project-template/target/scala-2.12/viw-test-fastopt.js:28205)
	at &lt;jscode&gt;.{anonymous}()(/home/bob/Dropbox/CPL/Scala/2018/project/project-template/target/scala-2.12/viw-test-fastopt.js:59197)
	at scala.scalajs.runtime.AnonFunction0.apply(/home/bob/Dropbox/CPL/Scala/2018/project/project-template/target/scala-2.12/viw-test-fastopt.js:30420)
	at org.scalatest.OutcomeOf.outcomeOf(/home/bob/Dropbox/CPL/Scala/2018/project/project-template/target/scala-2.12/viw-test-fastopt.js:1292)
	at org.scalatest.Transformer.apply(/home/bob/Dropbox/CPL/Scala/2018/project/project-template/target/scala-2.12/viw-test-fastopt.js:40357)
</failure>
                                               </testcase><testcase classname="viw.CommandsTest" name="Next word" time="0.002">
                                                 <failure message="an implementation is missing" type="org.scalajs.testcommon.Serializer$ThrowableSerializer$$anon$1">scala.NotImplementedError: an implementation is missing
	at scala.NotImplementedError.fillInStackTrace(/home/bob/Dropbox/CPL/Scala/2018/project/project-template/target/scala-2.12/viw-test-fastopt.js:23166)
	at scala.NotImplementedError.&lt;init&gt;(/home/bob/Dropbox/CPL/Scala/2018/project/project-template/target/scala-2.12/viw-test-fastopt.js:23284)
	at scala.NotImplementedError.&lt;init&gt;(/home/bob/Dropbox/CPL/Scala/2018/project/project-template/target/scala-2.12/viw-test-fastopt.js:33815)
	at scala.Predef$.$$qmark$qmark$qmark(/home/bob/Dropbox/CPL/Scala/2018/project/project-template/target/scala-2.12/viw-test-fastopt.js:29516)
	at viw.ViwTest.viwTest(/home/bob/Dropbox/CPL/Scala/2018/project/project-template/target/scala-2.12/viw-test-fastopt.js:28179)
	at viw.ViwTest.viwMode(/home/bob/Dropbox/CPL/Scala/2018/project/project-template/target/scala-2.12/viw-test-fastopt.js:28205)
	at &lt;jscode&gt;.{anonymous}()(/home/bob/Dropbox/CPL/Scala/2018/project/project-template/target/scala-2.12/viw-test-fastopt.js:59206)
	at scala.scalajs.runtime.AnonFunction0.apply(/home/bob/Dropbox/CPL/Scala/2018/project/project-template/target/scala-2.12/viw-test-fastopt.js:30420)
	at org.scalatest.OutcomeOf.outcomeOf(/home/bob/Dropbox/CPL/Scala/2018/project/project-template/target/scala-2.12/viw-test-fastopt.js:1292)
	at org.scalatest.Transformer.apply(/home/bob/Dropbox/CPL/Scala/2018/project/project-template/target/scala-2.12/viw-test-fastopt.js:40357)
</failure>
                                               </testcase><testcase classname="viw.CommandsTest" name="Back word" time="0.001">
                                                 <failure message="an implementation is missing" type="org.scalajs.testcommon.Serializer$ThrowableSerializer$$anon$1">scala.NotImplementedError: an implementation is missing
	at scala.NotImplementedError.fillInStackTrace(/home/bob/Dropbox/CPL/Scala/2018/project/project-template/target/scala-2.12/viw-test-fastopt.js:23166)
	at scala.NotImplementedError.&lt;init&gt;(/home/bob/Dropbox/CPL/Scala/2018/project/project-template/target/scala-2.12/viw-test-fastopt.js:23284)
	at scala.NotImplementedError.&lt;init&gt;(/home/bob/Dropbox/CPL/Scala/2018/project/project-template/target/scala-2.12/viw-test-fastopt.js:33815)
	at scala.Predef$.$$qmark$qmark$qmark(/home/bob/Dropbox/CPL/Scala/2018/project/project-template/target/scala-2.12/viw-test-fastopt.js:29516)
	at viw.ViwTest.viwTest(/home/bob/Dropbox/CPL/Scala/2018/project/project-template/target/scala-2.12/viw-test-fastopt.js:28179)
	at viw.ViwTest.viwMode(/home/bob/Dropbox/CPL/Scala/2018/project/project-template/target/scala-2.12/viw-test-fastopt.js:28205)
	at &lt;jscode&gt;.{anonymous}()(/home/bob/Dropbox/CPL/Scala/2018/project/project-template/target/scala-2.12/viw-test-fastopt.js:59215)
	at scala.scalajs.runtime.AnonFunction0.apply(/home/bob/Dropbox/CPL/Scala/2018/project/project-template/target/scala-2.12/viw-test-fastopt.js:30420)
	at org.scalatest.OutcomeOf.outcomeOf(/home/bob/Dropbox/CPL/Scala/2018/project/project-template/target/scala-2.12/viw-test-fastopt.js:1292)
	at org.scalatest.Transformer.apply(/home/bob/Dropbox/CPL/Scala/2018/project/project-template/target/scala-2.12/viw-test-fastopt.js:40357)
</failure>
                                               </testcase><testcase classname="viw.CommandsTest" name="End of word" time="0.002">
                                                 <failure message="an implementation is missing" type="org.scalajs.testcommon.Serializer$ThrowableSerializer$$anon$1">scala.NotImplementedError: an implementation is missing
	at scala.NotImplementedError.fillInStackTrace(/home/bob/Dropbox/CPL/Scala/2018/project/project-template/target/scala-2.12/viw-test-fastopt.js:23166)
	at scala.NotImplementedError.&lt;init&gt;(/home/bob/Dropbox/CPL/Scala/2018/project/project-template/target/scala-2.12/viw-test-fastopt.js:23284)
	at scala.NotImplementedError.&lt;init&gt;(/home/bob/Dropbox/CPL/Scala/2018/project/project-template/target/scala-2.12/viw-test-fastopt.js:33815)
	at scala.Predef$.$$qmark$qmark$qmark(/home/bob/Dropbox/CPL/Scala/2018/project/project-template/target/scala-2.12/viw-test-fastopt.js:29516)
	at viw.ViwTest.viwTest(/home/bob/Dropbox/CPL/Scala/2018/project/project-template/target/scala-2.12/viw-test-fastopt.js:28179)
	at viw.ViwTest.viwMode(/home/bob/Dropbox/CPL/Scala/2018/project/project-template/target/scala-2.12/viw-test-fastopt.js:28205)
	at &lt;jscode&gt;.{anonymous}()(/home/bob/Dropbox/CPL/Scala/2018/project/project-template/target/scala-2.12/viw-test-fastopt.js:59224)
	at scala.scalajs.runtime.AnonFunction0.apply(/home/bob/Dropbox/CPL/Scala/2018/project/project-template/target/scala-2.12/viw-test-fastopt.js:30420)
	at org.scalatest.OutcomeOf.outcomeOf(/home/bob/Dropbox/CPL/Scala/2018/project/project-template/target/scala-2.12/viw-test-fastopt.js:1292)
	at org.scalatest.Transformer.apply(/home/bob/Dropbox/CPL/Scala/2018/project/project-template/target/scala-2.12/viw-test-fastopt.js:40357)
</failure>
                                               </testcase><testcase classname="viw.CommandsTest" name="End of line" time="0.001">
                                                 <failure message="an implementation is missing" type="org.scalajs.testcommon.Serializer$ThrowableSerializer$$anon$1">scala.NotImplementedError: an implementation is missing
	at scala.NotImplementedError.fillInStackTrace(/home/bob/Dropbox/CPL/Scala/2018/project/project-template/target/scala-2.12/viw-test-fastopt.js:23166)
	at scala.NotImplementedError.&lt;init&gt;(/home/bob/Dropbox/CPL/Scala/2018/project/project-template/target/scala-2.12/viw-test-fastopt.js:23284)
	at scala.NotImplementedError.&lt;init&gt;(/home/bob/Dropbox/CPL/Scala/2018/project/project-template/target/scala-2.12/viw-test-fastopt.js:33815)
	at scala.Predef$.$$qmark$qmark$qmark(/home/bob/Dropbox/CPL/Scala/2018/project/project-template/target/scala-2.12/viw-test-fastopt.js:29516)
	at viw.ViwTest.viwTest(/home/bob/Dropbox/CPL/Scala/2018/project/project-template/target/scala-2.12/viw-test-fastopt.js:28179)
	at viw.ViwTest.viwMode(/home/bob/Dropbox/CPL/Scala/2018/project/project-template/target/scala-2.12/viw-test-fastopt.js:28205)
	at &lt;jscode&gt;.{anonymous}()(/home/bob/Dropbox/CPL/Scala/2018/project/project-template/target/scala-2.12/viw-test-fastopt.js:59233)
	at scala.scalajs.runtime.AnonFunction0.apply(/home/bob/Dropbox/CPL/Scala/2018/project/project-template/target/scala-2.12/viw-test-fastopt.js:30420)
	at org.scalatest.OutcomeOf.outcomeOf(/home/bob/Dropbox/CPL/Scala/2018/project/project-template/target/scala-2.12/viw-test-fastopt.js:1292)
	at org.scalatest.Transformer.apply(/home/bob/Dropbox/CPL/Scala/2018/project/project-template/target/scala-2.12/viw-test-fastopt.js:40357)
</failure>
                                               </testcase><testcase classname="viw.CommandsTest" name="Start of line" time="0.003">
                                                 <failure message="an implementation is missing" type="org.scalajs.testcommon.Serializer$ThrowableSerializer$$anon$1">scala.NotImplementedError: an implementation is missing
	at scala.NotImplementedError.fillInStackTrace(/home/bob/Dropbox/CPL/Scala/2018/project/project-template/target/scala-2.12/viw-test-fastopt.js:23166)
	at scala.NotImplementedError.&lt;init&gt;(/home/bob/Dropbox/CPL/Scala/2018/project/project-template/target/scala-2.12/viw-test-fastopt.js:23284)
	at scala.NotImplementedError.&lt;init&gt;(/home/bob/Dropbox/CPL/Scala/2018/project/project-template/target/scala-2.12/viw-test-fastopt.js:33815)
	at scala.Predef$.$$qmark$qmark$qmark(/home/bob/Dropbox/CPL/Scala/2018/project/project-template/target/scala-2.12/viw-test-fastopt.js:29516)
	at viw.ViwTest.viwTest(/home/bob/Dropbox/CPL/Scala/2018/project/project-template/target/scala-2.12/viw-test-fastopt.js:28179)
	at viw.ViwTest.viwMode(/home/bob/Dropbox/CPL/Scala/2018/project/project-template/target/scala-2.12/viw-test-fastopt.js:28205)
	at &lt;jscode&gt;.{anonymous}()(/home/bob/Dropbox/CPL/Scala/2018/project/project-template/target/scala-2.12/viw-test-fastopt.js:59242)
	at scala.scalajs.runtime.AnonFunction0.apply(/home/bob/Dropbox/CPL/Scala/2018/project/project-template/target/scala-2.12/viw-test-fastopt.js:30420)
	at org.scalatest.OutcomeOf.outcomeOf(/home/bob/Dropbox/CPL/Scala/2018/project/project-template/target/scala-2.12/viw-test-fastopt.js:1292)
	at org.scalatest.Transformer.apply(/home/bob/Dropbox/CPL/Scala/2018/project/project-template/target/scala-2.12/viw-test-fastopt.js:40357)
</failure>
                                               </testcase><testcase classname="viw.CommandsTest" name="Match brackets" time="0.001">
                                                 <failure message="an implementation is missing" type="org.scalajs.testcommon.Serializer$ThrowableSerializer$$anon$1">scala.NotImplementedError: an implementation is missing
	at scala.NotImplementedError.fillInStackTrace(/home/bob/Dropbox/CPL/Scala/2018/project/project-template/target/scala-2.12/viw-test-fastopt.js:23166)
	at scala.NotImplementedError.&lt;init&gt;(/home/bob/Dropbox/CPL/Scala/2018/project/project-template/target/scala-2.12/viw-test-fastopt.js:23284)
	at scala.NotImplementedError.&lt;init&gt;(/home/bob/Dropbox/CPL/Scala/2018/project/project-template/target/scala-2.12/viw-test-fastopt.js:33815)
	at scala.Predef$.$$qmark$qmark$qmark(/home/bob/Dropbox/CPL/Scala/2018/project/project-template/target/scala-2.12/viw-test-fastopt.js:29516)
	at viw.ViwTest.viwTest(/home/bob/Dropbox/CPL/Scala/2018/project/project-template/target/scala-2.12/viw-test-fastopt.js:28179)
	at viw.ViwTest.viwMode(/home/bob/Dropbox/CPL/Scala/2018/project/project-template/target/scala-2.12/viw-test-fastopt.js:28205)
	at &lt;jscode&gt;.{anonymous}()(/home/bob/Dropbox/CPL/Scala/2018/project/project-template/target/scala-2.12/viw-test-fastopt.js:59251)
	at scala.scalajs.runtime.AnonFunction0.apply(/home/bob/Dropbox/CPL/Scala/2018/project/project-template/target/scala-2.12/viw-test-fastopt.js:30420)
	at org.scalatest.OutcomeOf.outcomeOf(/home/bob/Dropbox/CPL/Scala/2018/project/project-template/target/scala-2.12/viw-test-fastopt.js:1292)
	at org.scalatest.Transformer.apply(/home/bob/Dropbox/CPL/Scala/2018/project/project-template/target/scala-2.12/viw-test-fastopt.js:40357)
</failure>
                                               </testcase><testcase classname="viw.CommandsTest" name="Delete" time="0.001">
                                                 <failure message="an implementation is missing" type="org.scalajs.testcommon.Serializer$ThrowableSerializer$$anon$1">scala.NotImplementedError: an implementation is missing
	at scala.NotImplementedError.fillInStackTrace(/home/bob/Dropbox/CPL/Scala/2018/project/project-template/target/scala-2.12/viw-test-fastopt.js:23166)
	at scala.NotImplementedError.&lt;init&gt;(/home/bob/Dropbox/CPL/Scala/2018/project/project-template/target/scala-2.12/viw-test-fastopt.js:23284)
	at scala.NotImplementedError.&lt;init&gt;(/home/bob/Dropbox/CPL/Scala/2018/project/project-template/target/scala-2.12/viw-test-fastopt.js:33815)
	at scala.Predef$.$$qmark$qmark$qmark(/home/bob/Dropbox/CPL/Scala/2018/project/project-template/target/scala-2.12/viw-test-fastopt.js:29516)
	at viw.ViwTest.viwTest(/home/bob/Dropbox/CPL/Scala/2018/project/project-template/target/scala-2.12/viw-test-fastopt.js:28179)
	at viw.ViwTest.viwMode(/home/bob/Dropbox/CPL/Scala/2018/project/project-template/target/scala-2.12/viw-test-fastopt.js:28205)
	at &lt;jscode&gt;.{anonymous}()(/home/bob/Dropbox/CPL/Scala/2018/project/project-template/target/scala-2.12/viw-test-fastopt.js:59260)
	at scala.scalajs.runtime.AnonFunction0.apply(/home/bob/Dropbox/CPL/Scala/2018/project/project-template/target/scala-2.12/viw-test-fastopt.js:30420)
	at org.scalatest.OutcomeOf.outcomeOf(/home/bob/Dropbox/CPL/Scala/2018/project/project-template/target/scala-2.12/viw-test-fastopt.js:1292)
	at org.scalatest.Transformer.apply(/home/bob/Dropbox/CPL/Scala/2018/project/project-template/target/scala-2.12/viw-test-fastopt.js:40357)
</failure>
                                               </testcase><testcase classname="viw.CommandsTest" name="Delete backwards" time="0.001">
                                                 <failure message="an implementation is missing" type="org.scalajs.testcommon.Serializer$ThrowableSerializer$$anon$1">scala.NotImplementedError: an implementation is missing
	at scala.NotImplementedError.fillInStackTrace(/home/bob/Dropbox/CPL/Scala/2018/project/project-template/target/scala-2.12/viw-test-fastopt.js:23166)
	at scala.NotImplementedError.&lt;init&gt;(/home/bob/Dropbox/CPL/Scala/2018/project/project-template/target/scala-2.12/viw-test-fastopt.js:23284)
	at scala.NotImplementedError.&lt;init&gt;(/home/bob/Dropbox/CPL/Scala/2018/project/project-template/target/scala-2.12/viw-test-fastopt.js:33815)
	at scala.Predef$.$$qmark$qmark$qmark(/home/bob/Dropbox/CPL/Scala/2018/project/project-template/target/scala-2.12/viw-test-fastopt.js:29516)
	at viw.ViwTest.viwTest(/home/bob/Dropbox/CPL/Scala/2018/project/project-template/target/scala-2.12/viw-test-fastopt.js:28179)
	at viw.ViwTest.viwMode(/home/bob/Dropbox/CPL/Scala/2018/project/project-template/target/scala-2.12/viw-test-fastopt.js:28205)
	at &lt;jscode&gt;.{anonymous}()(/home/bob/Dropbox/CPL/Scala/2018/project/project-template/target/scala-2.12/viw-test-fastopt.js:59269)
	at scala.scalajs.runtime.AnonFunction0.apply(/home/bob/Dropbox/CPL/Scala/2018/project/project-template/target/scala-2.12/viw-test-fastopt.js:30420)
	at org.scalatest.OutcomeOf.outcomeOf(/home/bob/Dropbox/CPL/Scala/2018/project/project-template/target/scala-2.12/viw-test-fastopt.js:1292)
	at org.scalatest.Transformer.apply(/home/bob/Dropbox/CPL/Scala/2018/project/project-template/target/scala-2.12/viw-test-fastopt.js:40357)
</failure>
                                               </testcase><testcase classname="viw.CommandsTest" name="Delete line" time="0.001">
                                                 <failure message="an implementation is missing" type="org.scalajs.testcommon.Serializer$ThrowableSerializer$$anon$1">scala.NotImplementedError: an implementation is missing
	at scala.NotImplementedError.fillInStackTrace(/home/bob/Dropbox/CPL/Scala/2018/project/project-template/target/scala-2.12/viw-test-fastopt.js:23166)
	at scala.NotImplementedError.&lt;init&gt;(/home/bob/Dropbox/CPL/Scala/2018/project/project-template/target/scala-2.12/viw-test-fastopt.js:23284)
	at scala.NotImplementedError.&lt;init&gt;(/home/bob/Dropbox/CPL/Scala/2018/project/project-template/target/scala-2.12/viw-test-fastopt.js:33815)
	at scala.Predef$.$$qmark$qmark$qmark(/home/bob/Dropbox/CPL/Scala/2018/project/project-template/target/scala-2.12/viw-test-fastopt.js:29516)
	at viw.ViwTest.viwTest(/home/bob/Dropbox/CPL/Scala/2018/project/project-template/target/scala-2.12/viw-test-fastopt.js:28179)
	at viw.ViwTest.viwMode(/home/bob/Dropbox/CPL/Scala/2018/project/project-template/target/scala-2.12/viw-test-fastopt.js:28205)
	at &lt;jscode&gt;.{anonymous}()(/home/bob/Dropbox/CPL/Scala/2018/project/project-template/target/scala-2.12/viw-test-fastopt.js:59278)
	at scala.scalajs.runtime.AnonFunction0.apply(/home/bob/Dropbox/CPL/Scala/2018/project/project-template/target/scala-2.12/viw-test-fastopt.js:30420)
	at org.scalatest.OutcomeOf.outcomeOf(/home/bob/Dropbox/CPL/Scala/2018/project/project-template/target/scala-2.12/viw-test-fastopt.js:1292)
	at org.scalatest.Transformer.apply(/home/bob/Dropbox/CPL/Scala/2018/project/project-template/target/scala-2.12/viw-test-fastopt.js:40357)
</failure>
                                               </testcase><testcase classname="viw.CommandsTest" name="Join line" time="0.001">
                                                 <failure message="an implementation is missing" type="org.scalajs.testcommon.Serializer$ThrowableSerializer$$anon$1">scala.NotImplementedError: an implementation is missing
	at scala.NotImplementedError.fillInStackTrace(/home/bob/Dropbox/CPL/Scala/2018/project/project-template/target/scala-2.12/viw-test-fastopt.js:23166)
	at scala.NotImplementedError.&lt;init&gt;(/home/bob/Dropbox/CPL/Scala/2018/project/project-template/target/scala-2.12/viw-test-fastopt.js:23284)
	at scala.NotImplementedError.&lt;init&gt;(/home/bob/Dropbox/CPL/Scala/2018/project/project-template/target/scala-2.12/viw-test-fastopt.js:33815)
	at scala.Predef$.$$qmark$qmark$qmark(/home/bob/Dropbox/CPL/Scala/2018/project/project-template/target/scala-2.12/viw-test-fastopt.js:29516)
	at viw.ViwTest.viwTest(/home/bob/Dropbox/CPL/Scala/2018/project/project-template/target/scala-2.12/viw-test-fastopt.js:28179)
	at viw.ViwTest.viwMode(/home/bob/Dropbox/CPL/Scala/2018/project/project-template/target/scala-2.12/viw-test-fastopt.js:28205)
	at &lt;jscode&gt;.{anonymous}()(/home/bob/Dropbox/CPL/Scala/2018/project/project-template/target/scala-2.12/viw-test-fastopt.js:59291)
	at scala.scalajs.runtime.AnonFunction0.apply(/home/bob/Dropbox/CPL/Scala/2018/project/project-template/target/scala-2.12/viw-test-fastopt.js:30420)
	at org.scalatest.OutcomeOf.outcomeOf(/home/bob/Dropbox/CPL/Scala/2018/project/project-template/target/scala-2.12/viw-test-fastopt.js:1292)
	at org.scalatest.Transformer.apply(/home/bob/Dropbox/CPL/Scala/2018/project/project-template/target/scala-2.12/viw-test-fastopt.js:40357)
</failure>
                                               </testcase><testcase classname="viw.CommandsTest" name="Insert into normal mode" time="0.001">
                                                 <failure message="an implementation is missing" type="org.scalajs.testcommon.Serializer$ThrowableSerializer$$anon$1">scala.NotImplementedError: an implementation is missing
	at scala.NotImplementedError.fillInStackTrace(/home/bob/Dropbox/CPL/Scala/2018/project/project-template/target/scala-2.12/viw-test-fastopt.js:23166)
	at scala.NotImplementedError.&lt;init&gt;(/home/bob/Dropbox/CPL/Scala/2018/project/project-template/target/scala-2.12/viw-test-fastopt.js:23284)
	at scala.NotImplementedError.&lt;init&gt;(/home/bob/Dropbox/CPL/Scala/2018/project/project-template/target/scala-2.12/viw-test-fastopt.js:33815)
	at scala.Predef$.$$qmark$qmark$qmark(/home/bob/Dropbox/CPL/Scala/2018/project/project-template/target/scala-2.12/viw-test-fastopt.js:29516)
	at viw.ViwTest.viwTest(/home/bob/Dropbox/CPL/Scala/2018/project/project-template/target/scala-2.12/viw-test-fastopt.js:28179)
	at viw.ViwTest.viwMode(/home/bob/Dropbox/CPL/Scala/2018/project/project-template/target/scala-2.12/viw-test-fastopt.js:28205)
	at &lt;jscode&gt;.{anonymous}()(/home/bob/Dropbox/CPL/Scala/2018/project/project-template/target/scala-2.12/viw-test-fastopt.js:59300)
	at scala.scalajs.runtime.AnonFunction0.apply(/home/bob/Dropbox/CPL/Scala/2018/project/project-template/target/scala-2.12/viw-test-fastopt.js:30420)
	at org.scalatest.OutcomeOf.outcomeOf(/home/bob/Dropbox/CPL/Scala/2018/project/project-template/target/scala-2.12/viw-test-fastopt.js:1292)
	at org.scalatest.Transformer.apply(/home/bob/Dropbox/CPL/Scala/2018/project/project-template/target/scala-2.12/viw-test-fastopt.js:40357)
</failure>
                                               </testcase><testcase classname="viw.CommandsTest" name="Insert after character" time="0.001">
                                                 <failure message="an implementation is missing" type="org.scalajs.testcommon.Serializer$ThrowableSerializer$$anon$1">scala.NotImplementedError: an implementation is missing
	at scala.NotImplementedError.fillInStackTrace(/home/bob/Dropbox/CPL/Scala/2018/project/project-template/target/scala-2.12/viw-test-fastopt.js:23166)
	at scala.NotImplementedError.&lt;init&gt;(/home/bob/Dropbox/CPL/Scala/2018/project/project-template/target/scala-2.12/viw-test-fastopt.js:23284)
	at scala.NotImplementedError.&lt;init&gt;(/home/bob/Dropbox/CPL/Scala/2018/project/project-template/target/scala-2.12/viw-test-fastopt.js:33815)
	at scala.Predef$.$$qmark$qmark$qmark(/home/bob/Dropbox/CPL/Scala/2018/project/project-template/target/scala-2.12/viw-test-fastopt.js:29516)
	at viw.ViwTest.viwTest(/home/bob/Dropbox/CPL/Scala/2018/project/project-template/target/scala-2.12/viw-test-fastopt.js:28179)
	at viw.ViwTest.viwMode(/home/bob/Dropbox/CPL/Scala/2018/project/project-template/target/scala-2.12/viw-test-fastopt.js:28205)
	at &lt;jscode&gt;.{anonymous}()(/home/bob/Dropbox/CPL/Scala/2018/project/project-template/target/scala-2.12/viw-test-fastopt.js:59309)
	at scala.scalajs.runtime.AnonFunction0.apply(/home/bob/Dropbox/CPL/Scala/2018/project/project-template/target/scala-2.12/viw-test-fastopt.js:30420)
	at org.scalatest.OutcomeOf.outcomeOf(/home/bob/Dropbox/CPL/Scala/2018/project/project-template/target/scala-2.12/viw-test-fastopt.js:1292)
	at org.scalatest.Transformer.apply(/home/bob/Dropbox/CPL/Scala/2018/project/project-template/target/scala-2.12/viw-test-fastopt.js:40357)
</failure>
                                               </testcase><testcase classname="viw.CommandsTest" name="Open newline" time="0.004">
                                                 <failure message="an implementation is missing" type="org.scalajs.testcommon.Serializer$ThrowableSerializer$$anon$1">scala.NotImplementedError: an implementation is missing
	at scala.NotImplementedError.fillInStackTrace(/home/bob/Dropbox/CPL/Scala/2018/project/project-template/target/scala-2.12/viw-test-fastopt.js:23166)
	at scala.NotImplementedError.&lt;init&gt;(/home/bob/Dropbox/CPL/Scala/2018/project/project-template/target/scala-2.12/viw-test-fastopt.js:23284)
	at scala.NotImplementedError.&lt;init&gt;(/home/bob/Dropbox/CPL/Scala/2018/project/project-template/target/scala-2.12/viw-test-fastopt.js:33815)
	at scala.Predef$.$$qmark$qmark$qmark(/home/bob/Dropbox/CPL/Scala/2018/project/project-template/target/scala-2.12/viw-test-fastopt.js:29516)
	at viw.ViwTest.viwTest(/home/bob/Dropbox/CPL/Scala/2018/project/project-template/target/scala-2.12/viw-test-fastopt.js:28179)
	at viw.ViwTest.viwMode(/home/bob/Dropbox/CPL/Scala/2018/project/project-template/target/scala-2.12/viw-test-fastopt.js:28205)
	at &lt;jscode&gt;.{anonymous}()(/home/bob/Dropbox/CPL/Scala/2018/project/project-template/target/scala-2.12/viw-test-fastopt.js:59318)
	at scala.scalajs.runtime.AnonFunction0.apply(/home/bob/Dropbox/CPL/Scala/2018/project/project-template/target/scala-2.12/viw-test-fastopt.js:30420)
	at org.scalatest.OutcomeOf.outcomeOf(/home/bob/Dropbox/CPL/Scala/2018/project/project-template/target/scala-2.12/viw-test-fastopt.js:1292)
	at org.scalatest.Transformer.apply(/home/bob/Dropbox/CPL/Scala/2018/project/project-template/target/scala-2.12/viw-test-fastopt.js:40357)
</failure>
                                               </testcase><testcase classname="viw.CommandsTest" name="Substitute" time="0.001">
                                                 <failure message="an implementation is missing" type="org.scalajs.testcommon.Serializer$ThrowableSerializer$$anon$1">scala.NotImplementedError: an implementation is missing
	at scala.NotImplementedError.fillInStackTrace(/home/bob/Dropbox/CPL/Scala/2018/project/project-template/target/scala-2.12/viw-test-fastopt.js:23166)
	at scala.NotImplementedError.&lt;init&gt;(/home/bob/Dropbox/CPL/Scala/2018/project/project-template/target/scala-2.12/viw-test-fastopt.js:23284)
	at scala.NotImplementedError.&lt;init&gt;(/home/bob/Dropbox/CPL/Scala/2018/project/project-template/target/scala-2.12/viw-test-fastopt.js:33815)
	at scala.Predef$.$$qmark$qmark$qmark(/home/bob/Dropbox/CPL/Scala/2018/project/project-template/target/scala-2.12/viw-test-fastopt.js:29516)
	at viw.ViwTest.viwTest(/home/bob/Dropbox/CPL/Scala/2018/project/project-template/target/scala-2.12/viw-test-fastopt.js:28179)
	at viw.ViwTest.viwMode(/home/bob/Dropbox/CPL/Scala/2018/project/project-template/target/scala-2.12/viw-test-fastopt.js:28205)
	at &lt;jscode&gt;.{anonymous}()(/home/bob/Dropbox/CPL/Scala/2018/project/project-template/target/scala-2.12/viw-test-fastopt.js:59327)
	at scala.scalajs.runtime.AnonFunction0.apply(/home/bob/Dropbox/CPL/Scala/2018/project/project-template/target/scala-2.12/viw-test-fastopt.js:30420)
	at org.scalatest.OutcomeOf.outcomeOf(/home/bob/Dropbox/CPL/Scala/2018/project/project-template/target/scala-2.12/viw-test-fastopt.js:1292)
	at org.scalatest.Transformer.apply(/home/bob/Dropbox/CPL/Scala/2018/project/project-template/target/scala-2.12/viw-test-fastopt.js:40357)
</failure>
                                               </testcase><testcase classname="viw.CommandsTest" name="Go" time="0.002">
                                                 <failure message="an implementation is missing" type="org.scalajs.testcommon.Serializer$ThrowableSerializer$$anon$1">scala.NotImplementedError: an implementation is missing
	at scala.NotImplementedError.fillInStackTrace(/home/bob/Dropbox/CPL/Scala/2018/project/project-template/target/scala-2.12/viw-test-fastopt.js:23166)
	at scala.NotImplementedError.&lt;init&gt;(/home/bob/Dropbox/CPL/Scala/2018/project/project-template/target/scala-2.12/viw-test-fastopt.js:23284)
	at scala.NotImplementedError.&lt;init&gt;(/home/bob/Dropbox/CPL/Scala/2018/project/project-template/target/scala-2.12/viw-test-fastopt.js:33815)
	at scala.Predef$.$$qmark$qmark$qmark(/home/bob/Dropbox/CPL/Scala/2018/project/project-template/target/scala-2.12/viw-test-fastopt.js:29516)
	at viw.ViwTest.viwTest(/home/bob/Dropbox/CPL/Scala/2018/project/project-template/target/scala-2.12/viw-test-fastopt.js:28179)
	at viw.ViwTest.viwMode(/home/bob/Dropbox/CPL/Scala/2018/project/project-template/target/scala-2.12/viw-test-fastopt.js:28205)
	at &lt;jscode&gt;.{anonymous}()(/home/bob/Dropbox/CPL/Scala/2018/project/project-template/target/scala-2.12/viw-test-fastopt.js:59340)
	at scala.scalajs.runtime.AnonFunction0.apply(/home/bob/Dropbox/CPL/Scala/2018/project/project-template/target/scala-2.12/viw-test-fastopt.js:30420)
	at org.scalatest.OutcomeOf.outcomeOf(/home/bob/Dropbox/CPL/Scala/2018/project/project-template/target/scala-2.12/viw-test-fastopt.js:1292)
	at org.scalatest.Transformer.apply(/home/bob/Dropbox/CPL/Scala/2018/project/project-template/target/scala-2.12/viw-test-fastopt.js:40357)
</failure>
                                               </testcase><testcase classname="viw.CommandsTest" name="Insert in line" time="0.002">
                                                 <failure message="an implementation is missing" type="org.scalajs.testcommon.Serializer$ThrowableSerializer$$anon$1">scala.NotImplementedError: an implementation is missing
	at scala.NotImplementedError.fillInStackTrace(/home/bob/Dropbox/CPL/Scala/2018/project/project-template/target/scala-2.12/viw-test-fastopt.js:23166)
	at scala.NotImplementedError.&lt;init&gt;(/home/bob/Dropbox/CPL/Scala/2018/project/project-template/target/scala-2.12/viw-test-fastopt.js:23284)
	at scala.NotImplementedError.&lt;init&gt;(/home/bob/Dropbox/CPL/Scala/2018/project/project-template/target/scala-2.12/viw-test-fastopt.js:33815)
	at scala.Predef$.$$qmark$qmark$qmark(/home/bob/Dropbox/CPL/Scala/2018/project/project-template/target/scala-2.12/viw-test-fastopt.js:29516)
	at viw.ViwTest.viwTest(/home/bob/Dropbox/CPL/Scala/2018/project/project-template/target/scala-2.12/viw-test-fastopt.js:28179)
	at viw.ViwTest.viwMode(/home/bob/Dropbox/CPL/Scala/2018/project/project-template/target/scala-2.12/viw-test-fastopt.js:28205)
	at &lt;jscode&gt;.{anonymous}()(/home/bob/Dropbox/CPL/Scala/2018/project/project-template/target/scala-2.12/viw-test-fastopt.js:59349)
	at scala.scalajs.runtime.AnonFunction0.apply(/home/bob/Dropbox/CPL/Scala/2018/project/project-template/target/scala-2.12/viw-test-fastopt.js:30420)
	at org.scalatest.OutcomeOf.outcomeOf(/home/bob/Dropbox/CPL/Scala/2018/project/project-template/target/scala-2.12/viw-test-fastopt.js:1292)
	at org.scalatest.Transformer.apply(/home/bob/Dropbox/CPL/Scala/2018/project/project-template/target/scala-2.12/viw-test-fastopt.js:40357)
</failure>
                                               </testcase><testcase classname="viw.CommandsTest" name="Insert after line" time="0.001">
                                                 <failure message="an implementation is missing" type="org.scalajs.testcommon.Serializer$ThrowableSerializer$$anon$1">scala.NotImplementedError: an implementation is missing
	at scala.NotImplementedError.fillInStackTrace(/home/bob/Dropbox/CPL/Scala/2018/project/project-template/target/scala-2.12/viw-test-fastopt.js:23166)
	at scala.NotImplementedError.&lt;init&gt;(/home/bob/Dropbox/CPL/Scala/2018/project/project-template/target/scala-2.12/viw-test-fastopt.js:23284)
	at scala.NotImplementedError.&lt;init&gt;(/home/bob/Dropbox/CPL/Scala/2018/project/project-template/target/scala-2.12/viw-test-fastopt.js:33815)
	at scala.Predef$.$$qmark$qmark$qmark(/home/bob/Dropbox/CPL/Scala/2018/project/project-template/target/scala-2.12/viw-test-fastopt.js:29516)
	at viw.ViwTest.viwTest(/home/bob/Dropbox/CPL/Scala/2018/project/project-template/target/scala-2.12/viw-test-fastopt.js:28179)
	at viw.ViwTest.viwMode(/home/bob/Dropbox/CPL/Scala/2018/project/project-template/target/scala-2.12/viw-test-fastopt.js:28205)
	at &lt;jscode&gt;.{anonymous}()(/home/bob/Dropbox/CPL/Scala/2018/project/project-template/target/scala-2.12/viw-test-fastopt.js:59358)
	at scala.scalajs.runtime.AnonFunction0.apply(/home/bob/Dropbox/CPL/Scala/2018/project/project-template/target/scala-2.12/viw-test-fastopt.js:30420)
	at org.scalatest.OutcomeOf.outcomeOf(/home/bob/Dropbox/CPL/Scala/2018/project/project-template/target/scala-2.12/viw-test-fastopt.js:1292)
	at org.scalatest.Transformer.apply(/home/bob/Dropbox/CPL/Scala/2018/project/project-template/target/scala-2.12/viw-test-fastopt.js:40357)
</failure>
                                               </testcase><testcase classname="viw.CommandsTest" name="Change to the end of the line" time="0.001">
                                                 <failure message="an implementation is missing" type="org.scalajs.testcommon.Serializer$ThrowableSerializer$$anon$1">scala.NotImplementedError: an implementation is missing
	at scala.NotImplementedError.fillInStackTrace(/home/bob/Dropbox/CPL/Scala/2018/project/project-template/target/scala-2.12/viw-test-fastopt.js:23166)
	at scala.NotImplementedError.&lt;init&gt;(/home/bob/Dropbox/CPL/Scala/2018/project/project-template/target/scala-2.12/viw-test-fastopt.js:23284)
	at scala.NotImplementedError.&lt;init&gt;(/home/bob/Dropbox/CPL/Scala/2018/project/project-template/target/scala-2.12/viw-test-fastopt.js:33815)
	at scala.Predef$.$$qmark$qmark$qmark(/home/bob/Dropbox/CPL/Scala/2018/project/project-template/target/scala-2.12/viw-test-fastopt.js:29516)
	at viw.ViwTest.viwTest(/home/bob/Dropbox/CPL/Scala/2018/project/project-template/target/scala-2.12/viw-test-fastopt.js:28179)
	at viw.ViwTest.viwMode(/home/bob/Dropbox/CPL/Scala/2018/project/project-template/target/scala-2.12/viw-test-fastopt.js:28205)
	at &lt;jscode&gt;.{anonymous}()(/home/bob/Dropbox/CPL/Scala/2018/project/project-template/target/scala-2.12/viw-test-fastopt.js:59367)
	at scala.scalajs.runtime.AnonFunction0.apply(/home/bob/Dropbox/CPL/Scala/2018/project/project-template/target/scala-2.12/viw-test-fastopt.js:30420)
	at org.scalatest.OutcomeOf.outcomeOf(/home/bob/Dropbox/CPL/Scala/2018/project/project-template/target/scala-2.12/viw-test-fastopt.js:1292)
	at org.scalatest.Transformer.apply(/home/bob/Dropbox/CPL/Scala/2018/project/project-template/target/scala-2.12/viw-test-fastopt.js:40357)
</failure>
                                               </testcase>
                     <system-out><![CDATA[]]></system-out>
                     <system-err><![CDATA[]]></system-err>
                   </testsuite>